Build started 22/01/2015 18:12:38.
     1>Project "D:\Tom\Visual Studio 2012\Projects\GameEngineRacer\GameEngineRacer\GameEngineRacer.vcxproj" on node 2 (Build target(s)).
     1>ClCompile:
         C:\Program Files (x86)\Microsoft Visual Studio 11.0\VC\bin\CL.exe /c /I"D:\Tom\Visual Studio 2012\Projects\GameEngineRacer\\Tom\include" /I"D:\Tom\Visual Studio 2012\Projects\GameEngineRacer\\GameEngineRacer\include" /ZI /nologo /W3 /WX- /sdl /Od /Oy- /D _MBCS /Gm /EHsc /RTC1 /MDd /GS /fp:precise /Zc:wchar_t /Zc:forScope /Fo"Debug\GameEngineRacer\\" /Fd"Debug\GameEngineRacer\vc110.pdb" /Gd /TP /analyze- /errorReport:prompt ..\Tom\include\jsoncpp.cpp source\Scene\Scene.cpp
         Scene.cpp
     1>d:\tom\visual studio 2012\projects\gameengineracer\gameengineracer\source\scene\scene.cpp(56): error C2143: syntax error : missing ')' before '->'
     1>d:\tom\visual studio 2012\projects\gameengineracer\gameengineracer\source\scene\scene.cpp(56): error C2661: 'std::unordered_map<_Kty,_Ty>::at' : no overloaded function takes 0 arguments
                 with
                 [
                     _Kty=std::string,
                     _Ty=ResourceManager::Model *
                 ]
     1>d:\tom\visual studio 2012\projects\gameengineracer\gameengineracer\source\scene\scene.cpp(56): error C2227: left of '->verts' must point to class/struct/union/generic type
     1>d:\tom\visual studio 2012\projects\gameengineracer\gameengineracer\source\scene\scene.cpp(56): error C2065: 'modelID' : undeclared identifier
     1>d:\tom\visual studio 2012\projects\gameengineracer\gameengineracer\source\scene\scene.cpp(56): error C2227: left of '->normals' must point to class/struct/union/generic type
     1>d:\tom\visual studio 2012\projects\gameengineracer\gameengineracer\source\scene\scene.cpp(57): error C2065: 'modelID' : undeclared identifier
     1>d:\tom\visual studio 2012\projects\gameengineracer\gameengineracer\source\scene\scene.cpp(57): error C2227: left of '->textureCoords' must point to class/struct/union/generic type
     1>d:\tom\visual studio 2012\projects\gameengineracer\gameengineracer\source\scene\scene.cpp(57): error C2065: 'textureID' : undeclared identifier
         jsoncpp.cpp
     1>d:\tom\visual studio 2012\projects\gameengineracer\tom\include\jsoncpp.cpp(1018): warning C4018: '>' : signed/unsigned mismatch
     1>d:\tom\visual studio 2012\projects\gameengineracer\tom\include\jsoncpp.cpp(1034): warning C4018: '>' : signed/unsigned mismatch
     1>d:\tom\visual studio 2012\projects\gameengineracer\tom\include\jsoncpp.cpp(1035): warning C4018: '>' : signed/unsigned mismatch
         Generating Code...
     1>Done Building Project "D:\Tom\Visual Studio 2012\Projects\GameEngineRacer\GameEngineRacer\GameEngineRacer.vcxproj" (Build target(s)) -- FAILED.

Build FAILED.

Time Elapsed 00:00:01.41
