D:\TOM\VISUAL STUDIO 2012\PROJECTS\GAMEENGINERACER\GAMEENGINERACER\DEBUG\GAMEENGINERACER\BITMAP.OBJ
D:\TOM\VISUAL STUDIO 2012\PROJECTS\GAMEENGINERACER\GAMEENGINERACER\DEBUG\GAMEENGINERACER\GL_CORE_4_3.OBJ
D:\TOM\VISUAL STUDIO 2012\PROJECTS\GAMEENGINERACER\GAMEENGINERACER\DEBUG\GAMEENGINERACER\TEXTURE.OBJ
D:\TOM\VISUAL STUDIO 2012\PROJECTS\GAMEENGINERACER\GAMEENGINERACER\DEBUG\GAMEENGINERACER\ANIMATIONCOMPONENT.OBJ
D:\TOM\VISUAL STUDIO 2012\PROJECTS\GAMEENGINERACER\GAMEENGINERACER\DEBUG\GAMEENGINERACER\RENDERCOMPONENT.OBJ
D:\TOM\VISUAL STUDIO 2012\PROJECTS\GAMEENGINERACER\GAMEENGINERACER\DEBUG\GAMEENGINERACER\SHADERCOMPONENT.OBJ
D:\TOM\VISUAL STUDIO 2012\PROJECTS\GAMEENGINERACER\GAMEENGINERACER\DEBUG\GAMEENGINERACER\TRANSFORMCOMPONENT.OBJ
D:\TOM\VISUAL STUDIO 2012\PROJECTS\GAMEENGINERACER\GAMEENGINERACER\DEBUG\GAMEENGINERACER\GAME.OBJ
D:\TOM\VISUAL STUDIO 2012\PROJECTS\GAMEENGINERACER\GAMEENGINERACER\DEBUG\GAMEENGINERACER\GAMEOBJECT.OBJ
D:\TOM\VISUAL STUDIO 2012\PROJECTS\GAMEENGINERACER\GAMEENGINERACER\DEBUG\GAMEENGINERACER\ANIMATIONLOADER.OBJ
D:\TOM\VISUAL STUDIO 2012\PROJECTS\GAMEENGINERACER\GAMEENGINERACER\DEBUG\GAMEENGINERACER\MODELLOADER.OBJ
D:\TOM\VISUAL STUDIO 2012\PROJECTS\GAMEENGINERACER\GAMEENGINERACER\DEBUG\GAMEENGINERACER\SHADERLOADER.OBJ
D:\TOM\VISUAL STUDIO 2012\PROJECTS\GAMEENGINERACER\GAMEENGINERACER\DEBUG\GAMEENGINERACER\TEXTURELOADER.OBJ
D:\TOM\VISUAL STUDIO 2012\PROJECTS\GAMEENGINERACER\GAMEENGINERACER\DEBUG\GAMEENGINERACER\MAIN.OBJ
D:\TOM\VISUAL STUDIO 2012\PROJECTS\GAMEENGINERACER\GAMEENGINERACER\DEBUG\GAMEENGINERACER\RESOURCEMANAGER.OBJ
D:\TOM\VISUAL STUDIO 2012\PROJECTS\GAMEENGINERACER\GAMEENGINERACER\DEBUG\GAMEENGINERACER\CAMERA.OBJ
D:\TOM\VISUAL STUDIO 2012\PROJECTS\GAMEENGINERACER\GAMEENGINERACER\DEBUG\GAMEENGINERACER\GUI.OBJ
D:\TOM\VISUAL STUDIO 2012\PROJECTS\GAMEENGINERACER\GAMEENGINERACER\DEBUG\GAMEENGINERACER\UI.OBJ
D:\TOM\VISUAL STUDIO 2012\PROJECTS\GAMEENGINERACER\GAMEENGINERACER\DEBUG\GAMEENGINERACER\VC110.PDB
D:\Tom\Visual Studio 2012\Projects\GameEngineRacer\GameEngineRacer\Debug\GameEngineRacer\AnimationComponent.obj
D:\Tom\Visual Studio 2012\Projects\GameEngineRacer\GameEngineRacer\Debug\GameEngineRacer\AnimationLoader.obj
D:\Tom\Visual Studio 2012\Projects\GameEngineRacer\GameEngineRacer\Debug\GameEngineRacer\Bitmap.obj
D:\Tom\Visual Studio 2012\Projects\GameEngineRacer\GameEngineRacer\Debug\GameEngineRacer\Camera.obj
D:\Tom\Visual Studio 2012\Projects\GameEngineRacer\GameEngineRacer\Debug\GameEngineRacer\Game.obj
D:\Tom\Visual Studio 2012\Projects\GameEngineRacer\GameEngineRacer\Debug\GameEngineRacer\GameObject.obj
D:\Tom\Visual Studio 2012\Projects\GameEngineRacer\GameEngineRacer\Debug\GameEngineRacer\gl_core_4_3.obj
D:\Tom\Visual Studio 2012\Projects\GameEngineRacer\GameEngineRacer\Debug\GameEngineRacer\GUI.obj
D:\Tom\Visual Studio 2012\Projects\GameEngineRacer\GameEngineRacer\Debug\GameEngineRacer\main.obj
D:\Tom\Visual Studio 2012\Projects\GameEngineRacer\GameEngineRacer\Debug\GameEngineRacer\ModelLoader.obj
D:\Tom\Visual Studio 2012\Projects\GameEngineRacer\GameEngineRacer\Debug\GameEngineRacer\RenderComponent.obj
D:\Tom\Visual Studio 2012\Projects\GameEngineRacer\GameEngineRacer\Debug\GameEngineRacer\ResourceManager.obj
D:\Tom\Visual Studio 2012\Projects\GameEngineRacer\GameEngineRacer\Debug\GameEngineRacer\ShaderComponent.obj
D:\Tom\Visual Studio 2012\Projects\GameEngineRacer\GameEngineRacer\Debug\GameEngineRacer\ShaderLoader.obj
D:\Tom\Visual Studio 2012\Projects\GameEngineRacer\GameEngineRacer\Debug\GameEngineRacer\Texture.obj
D:\Tom\Visual Studio 2012\Projects\GameEngineRacer\GameEngineRacer\Debug\GameEngineRacer\TextureLoader.obj
D:\Tom\Visual Studio 2012\Projects\GameEngineRacer\GameEngineRacer\Debug\GameEngineRacer\TransformComponent.obj
D:\Tom\Visual Studio 2012\Projects\GameEngineRacer\GameEngineRacer\Debug\GameEngineRacer\UI.obj
D:\Tom\Visual Studio 2012\Projects\GameEngineRacer\GameEngineRacer\Debug\GameEngineRacer\cl.command.1.tlog
D:\Tom\Visual Studio 2012\Projects\GameEngineRacer\GameEngineRacer\Debug\GameEngineRacer\CL.read.1.tlog
D:\Tom\Visual Studio 2012\Projects\GameEngineRacer\GameEngineRacer\Debug\GameEngineRacer\CL.write.1.tlog
D:\Tom\Visual Studio 2012\Projects\GameEngineRacer\GameEngineRacer\Debug\GameEngineRacer\vc110.idb
D:\Tom\Visual Studio 2012\Projects\GameEngineRacer\GameEngineRacer\Debug\GameEngineRacer\vc110.pdb
