H:\DOCUMENTS\VISUAL STUDIO 2012\PROJECTS\GAMEENGINERACER\GAMEENGINERACER\DEBUG\CUBE.OBJ
H:\DOCUMENTS\VISUAL STUDIO 2012\PROJECTS\GAMEENGINERACER\GAMEENGINERACER\DEBUG\GAME.OBJ
H:\DOCUMENTS\VISUAL STUDIO 2012\PROJECTS\GAMEENGINERACER\GAMEENGINERACER\DEBUG\MAIN.OBJ
H:\DOCUMENTS\VISUAL STUDIO 2012\PROJECTS\GAMEENGINERACER\GAMEENGINERACER\DEBUG\SCENE.OBJ
H:\DOCUMENTS\VISUAL STUDIO 2012\PROJECTS\GAMEENGINERACER\GAMEENGINERACER\DEBUG\MESHCOMPONENT.OBJ
H:\DOCUMENTS\VISUAL STUDIO 2012\PROJECTS\GAMEENGINERACER\GAMEENGINERACER\DEBUG\RENDERCOMPONENT.OBJ
H:\DOCUMENTS\VISUAL STUDIO 2012\PROJECTS\GAMEENGINERACER\GAMEENGINERACER\DEBUG\TRANSFORMCOMPONENT.OBJ
H:\DOCUMENTS\VISUAL STUDIO 2012\PROJECTS\GAMEENGINERACER\GAMEENGINERACER\DEBUG\VC110.PDB
H:\DOCUMENTS\VISUAL STUDIO 2012\PROJECTS\GAMEENGINERACER\GAMEENGINERACER\DEBUG\GAMEOBJECT.OBJ
H:\DOCUMENTS\VISUAL STUDIO 2012\PROJECTS\GAMEENGINERACER\DEBUG\GAMEENGINERACER.ILK
H:\DOCUMENTS\VISUAL STUDIO 2012\PROJECTS\GAMEENGINERACER\DEBUG\GAMEENGINERACER.EXE
H:\DOCUMENTS\VISUAL STUDIO 2012\PROJECTS\GAMEENGINERACER\DEBUG\GAMEENGINERACER.PDB
H:\Documents\Visual Studio 2012\Projects\GameEngineRacer\GameEngineRacer\Debug\Cube.obj
H:\Documents\Visual Studio 2012\Projects\GameEngineRacer\GameEngineRacer\Debug\Scene.obj
H:\Documents\Visual Studio 2012\Projects\GameEngineRacer\GameEngineRacer\Debug\main.obj
H:\Documents\Visual Studio 2012\Projects\GameEngineRacer\GameEngineRacer\Debug\GameObject.obj
H:\Documents\Visual Studio 2012\Projects\GameEngineRacer\GameEngineRacer\Debug\Game.obj
H:\Documents\Visual Studio 2012\Projects\GameEngineRacer\GameEngineRacer\Debug\MeshComponent.obj
H:\Documents\Visual Studio 2012\Projects\GameEngineRacer\GameEngineRacer\Debug\RenderComponent.obj
H:\Documents\Visual Studio 2012\Projects\GameEngineRacer\GameEngineRacer\Debug\TransformComponent.obj
H:\Documents\Visual Studio 2012\Projects\GameEngineRacer\GameEngineRacer\Debug\CL.read.1.tlog
H:\Documents\Visual Studio 2012\Projects\GameEngineRacer\GameEngineRacer\Debug\CL.write.1.tlog
H:\Documents\Visual Studio 2012\Projects\GameEngineRacer\GameEngineRacer\Debug\cl.command.1.tlog
H:\Documents\Visual Studio 2012\Projects\GameEngineRacer\GameEngineRacer\Debug\link-rc.read.1.tlog
H:\Documents\Visual Studio 2012\Projects\GameEngineRacer\GameEngineRacer\Debug\link-rc.write.1.tlog
H:\Documents\Visual Studio 2012\Projects\GameEngineRacer\GameEngineRacer\Debug\link-cvtres.read.1.tlog
H:\Documents\Visual Studio 2012\Projects\GameEngineRacer\GameEngineRacer\Debug\link-cvtres.write.1.tlog
H:\Documents\Visual Studio 2012\Projects\GameEngineRacer\GameEngineRacer\Debug\link.read.1.tlog
H:\Documents\Visual Studio 2012\Projects\GameEngineRacer\GameEngineRacer\Debug\link.write.1.tlog
H:\Documents\Visual Studio 2012\Projects\GameEngineRacer\GameEngineRacer\Debug\link.command.1.tlog
H:\Documents\Visual Studio 2012\Projects\GameEngineRacer\GameEngineRacer\Debug\link.1880-rc.read.1.tlog
H:\Documents\Visual Studio 2012\Projects\GameEngineRacer\GameEngineRacer\Debug\link.1880-rc.write.1.tlog
H:\Documents\Visual Studio 2012\Projects\GameEngineRacer\GameEngineRacer\Debug\link.1880-cvtres.read.1.tlog
H:\Documents\Visual Studio 2012\Projects\GameEngineRacer\GameEngineRacer\Debug\link.1880-cvtres.write.1.tlog
H:\Documents\Visual Studio 2012\Projects\GameEngineRacer\GameEngineRacer\Debug\link.1880.read.1.tlog
H:\Documents\Visual Studio 2012\Projects\GameEngineRacer\GameEngineRacer\Debug\link.1880.write.1.tlog
H:\Documents\Visual Studio 2012\Projects\GameEngineRacer\GameEngineRacer\Debug\vc110.idb
H:\Documents\Visual Studio 2012\Projects\GameEngineRacer\GameEngineRacer\Debug\vc110.pdb
H:\Documents\Visual Studio 2012\Projects\GameEngineRacer\Debug\GameEngineRacer.pdb
H:\Documents\Visual Studio 2012\Projects\GameEngineRacer\Debug\GameEngineRacer.exe
H:\Documents\Visual Studio 2012\Projects\GameEngineRacer\Debug\GameEngineRacer.ilk
