Build started 13/11/2014 15:21:31.
     1>Project "H:\Documents\Visual Studio 2012\Projects\GameEngineRacer\GameEngineRacer\GameEngineRacer.vcxproj" on node 2 (Build target(s)).
     1>ClCompile:
         C:\Program Files (x86)\Microsoft Visual Studio 11.0\VC\bin\CL.exe /c /I"..\GLFW\glfw-3.0.4.bin.WIN32\include" /I..\glm /ZI /nologo /W3 /WX- /sdl /Od /Oy- /D _MBCS /Gm /EHsc /RTC1 /MDd /GS /fp:precise /Zc:wchar_t /Zc:forScope /Fo"Debug\\" /Fd"Debug\vc110.pdb" /Gd /TP /analyze- /errorReport:prompt Cube.cpp Game.cpp GameObject.cpp MeshComponent.cpp RenderComponent.cpp Scene.cpp TransformComponent.cpp main.cpp
         TransformComponent.cpp
         RenderComponent.cpp
         MeshComponent.cpp
         GameObject.cpp
         Cube.cpp
         Generating Code...
         Compiling...
         main.cpp
         Scene.cpp
         Game.cpp
         Generating Code...
       Link:
         C:\Program Files (x86)\Microsoft Visual Studio 11.0\VC\bin\link.exe /ERRORREPORT:PROMPT /OUT:"H:\Documents\Visual Studio 2012\Projects\GameEngineRacer\Debug\GameEngineRacer.exe" /INCREMENTAL /NOLOGO /LIBPATH:"..\GLFW\glfw-3.0.4.bin.WIN32\lib-msvc110" glfw3.lib openGL32.lib kernel32.lib user32.lib gdi32.lib winspool.lib comdlg32.lib advapi32.lib shell32.lib ole32.lib oleaut32.lib uuid.lib odbc32.lib odbccp32.lib kernel32.lib user32.lib gdi32.lib winspool.lib comdlg32.lib advapi32.lib shell32.lib ole32.lib oleaut32.lib uuid.lib odbc32.lib odbccp32.lib /MANIFEST /MANIFESTUAC:"level='asInvoker' uiAccess='false'" /manifest:embed /DEBUG /PDB:"H:\Documents\Visual Studio 2012\Projects\GameEngineRacer\Debug\GameEngineRacer.pdb" /TLBID:1 /DYNAMICBASE /NXCOMPAT /IMPLIB:"H:\Documents\Visual Studio 2012\Projects\GameEngineRacer\Debug\GameEngineRacer.lib" /MACHINE:X86 Debug\Cube.obj
         Debug\Game.obj
         Debug\GameObject.obj
         Debug\main.obj
         Debug\MeshComponent.obj
         Debug\RenderComponent.obj
         Debug\Scene.obj
         Debug\TransformComponent.obj
     1>LINK : warning LNK4098: defaultlib 'MSVCRT' conflicts with use of other libs; use /NODEFAULTLIB:library
         GameEngineRacer.vcxproj -> H:\Documents\Visual Studio 2012\Projects\GameEngineRacer\Debug\GameEngineRacer.exe
     1>Done Building Project "H:\Documents\Visual Studio 2012\Projects\GameEngineRacer\GameEngineRacer\GameEngineRacer.vcxproj" (Build target(s)).

Build succeeded.

Time Elapsed 00:00:18.89
